"../../../Engine/Content/EditorResources/S_Actor.ubulk" 0
"../../../Engine/Content/EditorResources/S_Actor.uasset" 1
"../../../Engine/Content/EditorResources/S_Actor.uexp" 2
"../../../Engine/Content/EditorResources/S_BoxReflectionCapture.uasset" 3
"../../../Engine/Content/EditorResources/S_BoxReflectionCapture.uexp" 4
"../../../Engine/Content/EngineResources/DefaultTexture.ubulk" 5
"../../../Engine/Content/EngineResources/DefaultTexture.uasset" 6
"../../../Engine/Content/EngineResources/DefaultTexture.uexp" 7
"../../../Engine/Content/EngineResources/DefaultTextureCube.uasset" 8
"../../../Engine/Content/EngineResources/DefaultTextureCube.uexp" 9
"../../../Engine/Content/EngineResources/DefaultVolumeTexture2D.uasset" 10
"../../../Engine/Content/EngineResources/DefaultVolumeTexture2D.uexp" 11
"../../../Engine/Content/EngineResources/DefaultVolumeTexture.uasset" 12
"../../../Engine/Content/EngineResources/DefaultVolumeTexture.uexp" 13
"../../../Engine/Content/EditorResources/S_Trigger.ubulk" 14
"../../../Engine/Content/EditorResources/S_Trigger.uasset" 15
"../../../Engine/Content/EditorResources/S_Trigger.uexp" 16
"../../../Engine/Content/EditorResources/S_TriggerBox.uasset" 17
"../../../Engine/Content/EditorResources/S_TriggerBox.uexp" 18
"../../../Engine/Content/EditorResources/S_TriggerCapsule.uasset" 19
"../../../Engine/Content/EditorResources/S_TriggerCapsule.uexp" 20
"../../../Engine/Content/EditorResources/S_TriggerSphere.uasset" 21
"../../../Engine/Content/EditorResources/S_TriggerSphere.uexp" 22
"../../../Engine/Content/EngineMeshes/Sphere.ubulk" 23
"../../../Engine/Content/EngineMeshes/Sphere.uasset" 24
"../../../Engine/Content/EngineMeshes/Sphere.uexp" 25
"../../../Engine/Content/EngineResources/GradientTexture0.uasset" 26
"../../../Engine/Content/EngineResources/GradientTexture0.uexp" 27
"../../../Engine/Content/EngineResources/Black.uasset" 28
"../../../Engine/Content/EngineResources/Black.uexp" 29
"../../../Engine/Content/VREditor/LaserPointer/VR_LaserPower_01.ubulk" 30
"../../../Engine/Content/VREditor/LaserPointer/VR_LaserPower_01.uasset" 31
"../../../Engine/Content/VREditor/LaserPointer/VR_LaserPower_01.uexp" 32
"../../../Engine/Content/VREditor/TransformGizmo/TransformGizmoMaterial.uasset" 33
"../../../Engine/Content/VREditor/TransformGizmo/TransformGizmoMaterial.uexp" 34
"../../../Engine/Content/VREditor/TransformGizmo/TranslucentTransformGizmoMaterial.uasset" 35
"../../../Engine/Content/VREditor/TransformGizmo/TranslucentTransformGizmoMaterial.uexp" 36
"../../../Engine/Content/VREditor/TransformGizmo/PlaneTranslationHandle.ubulk" 37
"../../../Engine/Content/VREditor/TransformGizmo/PlaneTranslationHandle.uasset" 38
"../../../Engine/Content/VREditor/TransformGizmo/PlaneTranslationHandle.uexp" 39
"../../../Engine/Content/VREditor/TransformGizmo/BoundingBoxCorner.ubulk" 40
"../../../Engine/Content/VREditor/TransformGizmo/BoundingBoxCorner.uasset" 41
"../../../Engine/Content/VREditor/TransformGizmo/BoundingBoxCorner.uexp" 42
"../../../Engine/Content/VREditor/TransformGizmo/BoundingBoxEdge.ubulk" 43
"../../../Engine/Content/VREditor/TransformGizmo/BoundingBoxEdge.uasset" 44
"../../../Engine/Content/VREditor/TransformGizmo/BoundingBoxEdge.uexp" 45
"../../../Engine/Content/VREditor/TransformGizmo/Main.uasset" 46
"../../../Engine/Content/VREditor/TransformGizmo/Main.uexp" 47
"../../../Engine/Content/VREditor/TransformGizmo/Xray.uasset" 48
"../../../Engine/Content/VREditor/TransformGizmo/Xray.uexp" 49
"../../../Engine/Content/VREditor/TransformGizmo/SM_Sequencer_Node.ubulk" 50
"../../../Engine/Content/VREditor/TransformGizmo/SM_Sequencer_Node.uasset" 51
"../../../Engine/Content/VREditor/TransformGizmo/SM_Sequencer_Node.uexp" 52
"../../../Engine/Content/EditorMaterials/Camera/CineMat.uasset" 53
"../../../Engine/Content/EditorMaterials/Camera/CineMat.uexp" 54
"../../../Engine/Content/EditorMaterials/Camera/MI_CineMat_Rig.uasset" 55
"../../../Engine/Content/EditorMaterials/Camera/MI_CineMat_Rig.uexp" 56
"../../../Engine/Content/EditorMeshes/Camera/SM_CraneRig_Base.ubulk" 57
"../../../Engine/Content/EditorMeshes/Camera/SM_CraneRig_Base.uasset" 58
"../../../Engine/Content/EditorMeshes/Camera/SM_CraneRig_Base.uexp" 59
"../../../Engine/Content/EditorMeshes/Camera/SM_CraneRig_Arm.ubulk" 60
"../../../Engine/Content/EditorMeshes/Camera/SM_CraneRig_Arm.uasset" 61
"../../../Engine/Content/EditorMeshes/Camera/SM_CraneRig_Arm.uexp" 62
"../../../Engine/Content/EditorMeshes/Camera/SM_CraneRig_Mount.ubulk" 63
"../../../Engine/Content/EditorMeshes/Camera/SM_CraneRig_Mount.uasset" 64
"../../../Engine/Content/EditorMeshes/Camera/SM_CraneRig_Mount.uexp" 65
"../../../Engine/Content/EditorMeshes/Camera/SM_CraneRig_Body.ubulk" 66
"../../../Engine/Content/EditorMeshes/Camera/SM_CraneRig_Body.uasset" 67
"../../../Engine/Content/EditorMeshes/Camera/SM_CraneRig_Body.uexp" 68
"../../../Engine/Content/EditorMeshes/Camera/SM_RailRig_Track.ubulk" 69
"../../../Engine/Content/EditorMeshes/Camera/SM_RailRig_Track.uasset" 70
"../../../Engine/Content/EditorMeshes/Camera/SM_RailRig_Track.uexp" 71
"../../../Engine/Content/EditorMeshes/Camera/SM_RailRig_Mount.ubulk" 72
"../../../Engine/Content/EditorMeshes/Camera/SM_RailRig_Mount.uasset" 73
"../../../Engine/Content/EditorMeshes/Camera/SM_RailRig_Mount.uexp" 74
"../../../Engine/Content/EngineMaterials/T_Default_Material_Grid_M.ubulk" 75
"../../../Engine/Content/EngineMaterials/T_Default_Material_Grid_M.uasset" 76
"../../../Engine/Content/EngineMaterials/T_Default_Material_Grid_M.uexp" 77
"../../../Engine/Content/EngineMaterials/T_Default_Material_Grid_N.ubulk" 78
"../../../Engine/Content/EngineMaterials/T_Default_Material_Grid_N.uasset" 79
"../../../Engine/Content/EngineMaterials/T_Default_Material_Grid_N.uexp" 80
"../../../Engine/Content/Functions/Engine_MaterialFunctions01/Opacity/CameraDepthFade.uasset" 81
"../../../Engine/Content/Functions/Engine_MaterialFunctions01/Opacity/CameraDepthFade.uexp" 82
"../../../Engine/Content/EngineMaterials/WorldGridMaterial.uasset" 83
"../../../Engine/Content/EngineMaterials/WorldGridMaterial.uexp" 84
"../../../Engine/Content/ArtTools/RenderToTexture/Meshes/S_1_Unit_Plane.ubulk" 85
"../../../Engine/Content/ArtTools/RenderToTexture/Meshes/S_1_Unit_Plane.uasset" 86
"../../../Engine/Content/ArtTools/RenderToTexture/Meshes/S_1_Unit_Plane.uexp" 87
"../../../Engine/Content/EditorMaterials/ParticleSystems/PSysThumbnail_NoImage.ubulk" 88
"../../../Engine/Content/EditorMaterials/ParticleSystems/PSysThumbnail_NoImage.uasset" 89
"../../../Engine/Content/EditorMaterials/ParticleSystems/PSysThumbnail_NoImage.uexp" 90
"../../../Engine/Content/EditorMaterials/ParticleSystems/PSysThumbnail_OOD.ubulk" 91
"../../../Engine/Content/EditorMaterials/ParticleSystems/PSysThumbnail_OOD.uasset" 92
"../../../Engine/Content/EditorMaterials/ParticleSystems/PSysThumbnail_OOD.uexp" 93
"../../../Engine/Content/EditorLandscapeResources/SplineEditorMeshMat.uasset" 94
"../../../Engine/Content/EditorLandscapeResources/SplineEditorMeshMat.uexp" 95
"../../../Engine/Content/EditorLandscapeResources/SplineEditorMesh.ubulk" 96
"../../../Engine/Content/EditorLandscapeResources/SplineEditorMesh.uasset" 97
"../../../Engine/Content/EditorLandscapeResources/SplineEditorMesh.uexp" 98
"../../../Engine/Content/EditorResources/S_Solver.ubulk" 99
"../../../Engine/Content/EditorResources/S_Solver.uasset" 100
"../../../Engine/Content/EditorResources/S_Solver.uexp" 101
"../../../Engine/Plugins/Media/MediaPlate/Content/SM_MediaPlateScreen.ubulk" 102
"../../../Engine/Plugins/Media/MediaPlate/Content/SM_MediaPlateScreen.uasset" 103
"../../../Engine/Plugins/Media/MediaPlate/Content/SM_MediaPlateScreen.uexp" 104
"../../../Engine/Content/EngineMaterials/Good64x64TilingNoiseHighFreq.uasset" 105
"../../../Engine/Content/EngineMaterials/Good64x64TilingNoiseHighFreq.uexp" 106
"../../../Engine/Content/EngineMaterials/DefaultBokeh.uasset" 107
"../../../Engine/Content/EngineMaterials/DefaultBokeh.uexp" 108
"../../../Engine/Content/EngineMaterials/PreintegratedSkinBRDF.uasset" 109
"../../../Engine/Content/EngineMaterials/PreintegratedSkinBRDF.uexp" 110
"../../../Engine/Content/EngineMaterials/MiniFont.uasset" 111
"../../../Engine/Content/EngineMaterials/MiniFont.uexp" 112
"../../../Engine/Content/EngineMaterials/WeightMapPlaceholderTexture.uasset" 113
"../../../Engine/Content/EngineMaterials/WeightMapPlaceholderTexture.uexp" 114
"../../../Engine/Content/EngineMaterials/DefaultWhiteGrid.ubulk" 115
"../../../Engine/Content/EngineMaterials/DefaultWhiteGrid.uasset" 116
"../../../Engine/Content/EngineMaterials/DefaultWhiteGrid.uexp" 117
"../../../Engine/Plugins/2D/Paper2D/Content/PlaceholderTextures/DummySpriteTexture.ubulk" 118
"../../../Engine/Plugins/2D/Paper2D/Content/PlaceholderTextures/DummySpriteTexture.uasset" 119
"../../../Engine/Plugins/2D/Paper2D/Content/PlaceholderTextures/DummySpriteTexture.uexp" 120
"../../../Engine/Plugins/2D/Paper2D/Content/DefaultSpriteMaterial.uasset" 121
"../../../Engine/Plugins/2D/Paper2D/Content/DefaultSpriteMaterial.uexp" 122
"../../../Engine/Plugins/2D/Paper2D/Content/OpaqueUnlitSpriteMaterial.uasset" 123
"../../../Engine/Plugins/2D/Paper2D/Content/OpaqueUnlitSpriteMaterial.uexp" 124
"../../../Engine/Plugins/2D/Paper2D/Content/MaskedUnlitSpriteMaterial.uasset" 125
"../../../Engine/Plugins/2D/Paper2D/Content/MaskedUnlitSpriteMaterial.uexp" 126
"../../../Engine/Plugins/2D/Paper2D/Content/DummySprite.uasset" 127
"../../../Engine/Plugins/2D/Paper2D/Content/DummySprite.uexp" 128
"../../../Engine/Plugins/2D/Paper2D/Content/DefaultPaperTerrainMaterial.uasset" 129
"../../../Engine/Plugins/2D/Paper2D/Content/DefaultPaperTerrainMaterial.uexp" 130
"../../../Engine/Content/Functions/Engine_MaterialFunctions02/WorldPositionOffset/CameraOffset.uasset" 131
"../../../Engine/Content/Functions/Engine_MaterialFunctions02/WorldPositionOffset/CameraOffset.uexp" 132
"../../../Engine/Plugins/Animation/ControlRig/Content/M_Manip.uasset" 133
"../../../Engine/Plugins/Animation/ControlRig/Content/M_Manip.uexp" 134
"../../../Engine/Content/EngineResources/WhiteSquareTexture.uasset" 135
"../../../Engine/Content/EngineResources/WhiteSquareTexture.uexp" 136
"../../../Engine/Content/EngineMaterials/Widget3DPassThrough.uasset" 137
"../../../Engine/Content/EngineMaterials/Widget3DPassThrough.uexp" 138
"../../../Engine/Content/EngineMaterials/Widget3DPassThrough_Translucent.uasset" 139
"../../../Engine/Content/EngineMaterials/Widget3DPassThrough_Translucent.uexp" 140
"../../../Engine/Content/EngineMaterials/Widget3DPassThrough_Translucent_OneSided.uasset" 141
"../../../Engine/Content/EngineMaterials/Widget3DPassThrough_Translucent_OneSided.uexp" 142
"../../../Engine/Content/EngineMaterials/Widget3DPassThrough_Opaque.uasset" 143
"../../../Engine/Content/EngineMaterials/Widget3DPassThrough_Opaque.uexp" 144
"../../../Engine/Content/EngineMaterials/Widget3DPassThrough_Opaque_OneSided.uasset" 145
"../../../Engine/Content/EngineMaterials/Widget3DPassThrough_Opaque_OneSided.uexp" 146
"../../../Engine/Content/EngineMaterials/Widget3DPassThrough_Masked_OneSided.uasset" 147
"../../../Engine/Content/EngineMaterials/Widget3DPassThrough_Masked_OneSided.uexp" 148
"../../../Engine/Content/EngineMaterials/Widget3DPassThrough_Masked.uasset" 149
"../../../Engine/Content/EngineMaterials/Widget3DPassThrough_Masked.uexp" 150
"../../../Engine/Plugins/Animation/ControlRig/Content/Controls/DefaultGizmoLibraryNormalized.uasset" 151
"../../../Engine/Plugins/Animation/ControlRig/Content/Controls/DefaultGizmoLibraryNormalized.uexp" 152
"../../../Engine/Plugins/Animation/ControlRig/Content/Controls/ControlRig_Wedge_solid.ubulk" 153
"../../../Engine/Plugins/Animation/ControlRig/Content/Controls/ControlRig_Wedge_solid.uasset" 154
"../../../Engine/Plugins/Animation/ControlRig/Content/Controls/ControlRig_Wedge_solid.uexp" 155
"../../../Engine/Plugins/Animation/ControlRig/Content/Controls/ControlRig_Wedge_3mm.ubulk" 156
"../../../Engine/Plugins/Animation/ControlRig/Content/Controls/ControlRig_Wedge_3mm.uasset" 157
"../../../Engine/Plugins/Animation/ControlRig/Content/Controls/ControlRig_Wedge_3mm.uexp" 158
"../../../Engine/Plugins/Animation/ControlRig/Content/Controls/ControlRig_Wedge_1mm.ubulk" 159
"../../../Engine/Plugins/Animation/ControlRig/Content/Controls/ControlRig_Wedge_1mm.uasset" 160
"../../../Engine/Plugins/Animation/ControlRig/Content/Controls/ControlRig_Wedge_1mm.uexp" 161
"../../../Engine/Plugins/Animation/ControlRig/Content/Controls/ControlRig_Triangle_solid.ubulk" 162
"../../../Engine/Plugins/Animation/ControlRig/Content/Controls/ControlRig_Triangle_solid.uasset" 163
"../../../Engine/Plugins/Animation/ControlRig/Content/Controls/ControlRig_Triangle_solid.uexp" 164
"../../../Engine/Plugins/Animation/ControlRig/Content/Controls/ControlRig_Triangle_3mm.ubulk" 165
"../../../Engine/Plugins/Animation/ControlRig/Content/Controls/ControlRig_Triangle_3mm.uasset" 166
"../../../Engine/Plugins/Animation/ControlRig/Content/Controls/ControlRig_Triangle_3mm.uexp" 167
"../../../Engine/Plugins/Animation/ControlRig/Content/Controls/ControlRig_Triangle_1mm.ubulk" 168
"../../../Engine/Plugins/Animation/ControlRig/Content/Controls/ControlRig_Triangle_1mm.uasset" 169
"../../../Engine/Plugins/Animation/ControlRig/Content/Controls/ControlRig_Triangle_1mm.uexp" 170
"../../../Engine/Plugins/Animation/ControlRig/Content/Controls/ControlRig_Star4_solid.ubulk" 171
"../../../Engine/Plugins/Animation/ControlRig/Content/Controls/ControlRig_Star4_solid.uasset" 172
"../../../Engine/Plugins/Animation/ControlRig/Content/Controls/ControlRig_Star4_solid.uexp" 173
"../../../Engine/Plugins/Animation/ControlRig/Content/Controls/ControlRig_Star4_3mm.ubulk" 174
"../../../Engine/Plugins/Animation/ControlRig/Content/Controls/ControlRig_Star4_3mm.uasset" 175
"../../../Engine/Plugins/Animation/ControlRig/Content/Controls/ControlRig_Star4_3mm.uexp" 176
"../../../Engine/Plugins/Animation/ControlRig/Content/Controls/ControlRig_Star4_1mm.ubulk" 177
"../../../Engine/Plugins/Animation/ControlRig/Content/Controls/ControlRig_Star4_1mm.uasset" 178
"../../../Engine/Plugins/Animation/ControlRig/Content/Controls/ControlRig_Star4_1mm.uexp" 179
"../../../Engine/Plugins/Animation/ControlRig/Content/Controls/ControlRig_Square_solid.ubulk" 180
"../../../Engine/Plugins/Animation/ControlRig/Content/Controls/ControlRig_Square_solid.uasset" 181
"../../../Engine/Plugins/Animation/ControlRig/Content/Controls/ControlRig_Square_solid.uexp" 182
"../../../Engine/Plugins/Animation/ControlRig/Content/Controls/ControlRig_Square_3mm.ubulk" 183
"../../../Engine/Plugins/Animation/ControlRig/Content/Controls/ControlRig_Square_3mm.uasset" 184
"../../../Engine/Plugins/Animation/ControlRig/Content/Controls/ControlRig_Square_3mm.uexp" 185
"../../../Engine/Plugins/Animation/ControlRig/Content/Controls/ControlRig_Square_1mm.ubulk" 186
"../../../Engine/Plugins/Animation/ControlRig/Content/Controls/ControlRig_Square_1mm.uasset" 187
"../../../Engine/Plugins/Animation/ControlRig/Content/Controls/ControlRig_Square_1mm.uexp" 188
"../../../Engine/Plugins/Animation/ControlRig/Content/Controls/ControlRig_Sphere_solid.ubulk" 189
"../../../Engine/Plugins/Animation/ControlRig/Content/Controls/ControlRig_Sphere_solid.uasset" 190
"../../../Engine/Plugins/Animation/ControlRig/Content/Controls/ControlRig_Sphere_solid.uexp" 191
"../../../Engine/Plugins/Animation/ControlRig/Content/Controls/ControlRig_Sphere_3mm.ubulk" 192
"../../../Engine/Plugins/Animation/ControlRig/Content/Controls/ControlRig_Sphere_3mm.uasset" 193
"../../../Engine/Plugins/Animation/ControlRig/Content/Controls/ControlRig_Sphere_3mm.uexp" 194
"../../../Engine/Plugins/Animation/ControlRig/Content/Controls/ControlRig_Sphere_1mm.ubulk" 195
"../../../Engine/Plugins/Animation/ControlRig/Content/Controls/ControlRig_Sphere_1mm.uasset" 196
"../../../Engine/Plugins/Animation/ControlRig/Content/Controls/ControlRig_Sphere_1mm.uexp" 197
"../../../Engine/Plugins/Animation/ControlRig/Content/Controls/ControlRig_RoundedTriangle_solid.ubulk" 198
"../../../Engine/Plugins/Animation/ControlRig/Content/Controls/ControlRig_RoundedTriangle_solid.uasset" 199
"../../../Engine/Plugins/Animation/ControlRig/Content/Controls/ControlRig_RoundedTriangle_solid.uexp" 200
"../../../Engine/Plugins/Animation/ControlRig/Content/Controls/ControlRig_RoundedTriangle_3mm.ubulk" 201
"../../../Engine/Plugins/Animation/ControlRig/Content/Controls/ControlRig_RoundedTriangle_3mm.uasset" 202
"../../../Engine/Plugins/Animation/ControlRig/Content/Controls/ControlRig_RoundedTriangle_3mm.uexp" 203
"../../../Engine/Plugins/Animation/ControlRig/Content/Controls/ControlRig_RoundedTriangle_1mm.ubulk" 204
"../../../Engine/Plugins/Animation/ControlRig/Content/Controls/ControlRig_RoundedTriangle_1mm.uasset" 205
"../../../Engine/Plugins/Animation/ControlRig/Content/Controls/ControlRig_RoundedTriangle_1mm.uexp" 206
"../../../Engine/Plugins/Animation/ControlRig/Content/Controls/ControlRig_RoundedSquare_solid.ubulk" 207
"../../../Engine/Plugins/Animation/ControlRig/Content/Controls/ControlRig_RoundedSquare_solid.uasset" 208
"../../../Engine/Plugins/Animation/ControlRig/Content/Controls/ControlRig_RoundedSquare_solid.uexp" 209
"../../../Engine/Plugins/Animation/ControlRig/Content/Controls/ControlRig_RoundedSquare_3mm.ubulk" 210
"../../../Engine/Plugins/Animation/ControlRig/Content/Controls/ControlRig_RoundedSquare_3mm.uasset" 211
"../../../Engine/Plugins/Animation/ControlRig/Content/Controls/ControlRig_RoundedSquare_3mm.uexp" 212
"../../../Engine/Plugins/Animation/ControlRig/Content/Controls/ControlRig_RoundedSquare_1mm.ubulk" 213
"../../../Engine/Plugins/Animation/ControlRig/Content/Controls/ControlRig_RoundedSquare_1mm.uasset" 214
"../../../Engine/Plugins/Animation/ControlRig/Content/Controls/ControlRig_RoundedSquare_1mm.uexp" 215
"../../../Engine/Plugins/Animation/ControlRig/Content/Controls/ControlRig_QuarterCircle_solid.ubulk" 216
"../../../Engine/Plugins/Animation/ControlRig/Content/Controls/ControlRig_QuarterCircle_solid.uasset" 217
"../../../Engine/Plugins/Animation/ControlRig/Content/Controls/ControlRig_QuarterCircle_solid.uexp" 218
"../../../Engine/Plugins/Animation/ControlRig/Content/Controls/ControlRig_QuarterCircle_3mm.ubulk" 219
"../../../Engine/Plugins/Animation/ControlRig/Content/Controls/ControlRig_QuarterCircle_3mm.uasset" 220
"../../../Engine/Plugins/Animation/ControlRig/Content/Controls/ControlRig_QuarterCircle_3mm.uexp" 221
"../../../Engine/Plugins/Animation/ControlRig/Content/Controls/ControlRig_QuarterCircle_1mm.ubulk" 222
"../../../Engine/Plugins/Animation/ControlRig/Content/Controls/ControlRig_QuarterCircle_1mm.uasset" 223
"../../../Engine/Plugins/Animation/ControlRig/Content/Controls/ControlRig_QuarterCircle_1mm.uexp" 224
"../../../Engine/Plugins/Animation/ControlRig/Content/Controls/ControlRig_Pyramid_solid.ubulk" 225
"../../../Engine/Plugins/Animation/ControlRig/Content/Controls/ControlRig_Pyramid_solid.uasset" 226
"../../../Engine/Plugins/Animation/ControlRig/Content/Controls/ControlRig_Pyramid_solid.uexp" 227
"../../../Engine/Plugins/Animation/ControlRig/Content/Controls/ControlRig_Pyramid_3mm.ubulk" 228
"../../../Engine/Plugins/Animation/ControlRig/Content/Controls/ControlRig_Pyramid_3mm.uasset" 229
"../../../Engine/Plugins/Animation/ControlRig/Content/Controls/ControlRig_Pyramid_3mm.uexp" 230
"../../../Engine/Plugins/Animation/ControlRig/Content/Controls/ControlRig_Pyramid_1mm.ubulk" 231
"../../../Engine/Plugins/Animation/ControlRig/Content/Controls/ControlRig_Pyramid_1mm.uasset" 232
"../../../Engine/Plugins/Animation/ControlRig/Content/Controls/ControlRig_Pyramid_1mm.uexp" 233
"../../../Engine/Plugins/Runtime/MeshModelingToolset/Content/Materials/M_DynamicMeshComponentVtxColor.uasset" 234
"../../../Engine/Plugins/Runtime/MeshModelingToolset/Content/Materials/M_DynamicMeshComponentVtxColor.uexp" 235
"../../../Engine/Plugins/Interchange/Runtime/Content/Pipelines/DefaultTexturePipeline.uasset" 236
"../../../Engine/Plugins/Interchange/Runtime/Content/Pipelines/DefaultTexturePipeline.uexp" 237
"../../../Engine/Plugins/Interchange/Runtime/Content/Pipelines/DefaultSceneLevelPipeline.uasset" 238
"../../../Engine/Plugins/Interchange/Runtime/Content/Pipelines/DefaultSceneLevelPipeline.uexp" 239
"../../../Engine/Plugins/Interchange/Runtime/Content/Pipelines/DefaultSceneAssetsPipeline.uasset" 240
"../../../Engine/Plugins/Interchange/Runtime/Content/Pipelines/DefaultSceneAssetsPipeline.uexp" 241
"../../../Engine/Plugins/Interchange/Runtime/Content/Pipelines/DefaultMaterialPipeline.uasset" 242
"../../../Engine/Plugins/Interchange/Runtime/Content/Pipelines/DefaultMaterialPipeline.uexp" 243
"../../../Engine/Plugins/Interchange/Runtime/Content/Pipelines/DefaultAssetsPipeline.uasset" 244
"../../../Engine/Plugins/Interchange/Runtime/Content/Pipelines/DefaultAssetsPipeline.uexp" 245
"../../../Engine/Plugins/Editor/SpeedTreeImporter/Content/SpeedTree9/game_wind_noise.ubulk" 246
"../../../Engine/Plugins/Editor/SpeedTreeImporter/Content/SpeedTree9/game_wind_noise.uasset" 247
"../../../Engine/Plugins/Editor/SpeedTreeImporter/Content/SpeedTree9/game_wind_noise.uexp" 248
"../../../Engine/Plugins/Editor/SpeedTreeImporter/Content/SpeedTree9/UnpackDirection.uasset" 249
"../../../Engine/Plugins/Editor/SpeedTreeImporter/Content/SpeedTree9/UnpackDirection.uexp" 250
"../../../Engine/Content/Functions/Engine_MaterialFunctions02/ObjectLocalBounds.uasset" 251
"../../../Engine/Content/Functions/Engine_MaterialFunctions02/ObjectLocalBounds.uexp" 252
"../../../Engine/Content/Functions/Engine_MaterialFunctions02/Utility/BreakOutFloat3Components.uasset" 253
"../../../Engine/Content/Functions/Engine_MaterialFunctions02/Utility/BreakOutFloat3Components.uexp" 254
"../../../Engine/Content/Functions/Engine_MaterialFunctions02/UVs/BoundingBoxBased_0-1_UVW.uasset" 255
"../../../Engine/Content/Functions/Engine_MaterialFunctions02/UVs/BoundingBoxBased_0-1_UVW.uexp" 256
"../../../Engine/Content/Functions/Engine_MaterialFunctions02/Utility/VectorLength.uasset" 257
"../../../Engine/Content/Functions/Engine_MaterialFunctions02/Utility/VectorLength.uexp" 258
"../../../Engine/Plugins/Editor/SpeedTreeImporter/Content/SpeedTree9/UnpackInteger3.uasset" 259
"../../../Engine/Plugins/Editor/SpeedTreeImporter/Content/SpeedTree9/UnpackInteger3.uexp" 260
"../../../Engine/Plugins/Editor/SpeedTreeImporter/Content/SpeedTree9/SpeedTreeCameraFacing.uasset" 261
"../../../Engine/Plugins/Editor/SpeedTreeImporter/Content/SpeedTree9/SpeedTreeCameraFacing.uexp" 262
"../../../Engine/Content/Functions/Engine_MaterialFunctions02/WorldPositionOffset/ObjectScale.uasset" 263
"../../../Engine/Content/Functions/Engine_MaterialFunctions02/WorldPositionOffset/ObjectScale.uexp" 264
"../../../Engine/Content/Functions/Engine_MaterialFunctions02/SafeNormalize.uasset" 265
"../../../Engine/Content/Functions/Engine_MaterialFunctions02/SafeNormalize.uexp" 266
"../../../Engine/Plugins/Editor/SpeedTreeImporter/Content/SpeedTree9/SpeedTreeWindMotion.uasset" 267
"../../../Engine/Plugins/Editor/SpeedTreeImporter/Content/SpeedTree9/SpeedTreeWindMotion.uexp" 268
"../../../Engine/Plugins/Editor/SpeedTreeImporter/Content/SpeedTree9/SpeedTreeBranchMotion.uasset" 269
"../../../Engine/Plugins/Editor/SpeedTreeImporter/Content/SpeedTree9/SpeedTreeBranchMotion.uexp" 270
"../../../Engine/Plugins/Editor/SpeedTreeImporter/Content/SpeedTree9/SpeedTreeWind.uasset" 271
"../../../Engine/Plugins/Editor/SpeedTreeImporter/Content/SpeedTree9/SpeedTreeWind.uexp" 272
"../../../Engine/Plugins/Editor/SpeedTreeImporter/Content/SpeedTree9/EmptyNormal.uasset" 273
"../../../Engine/Plugins/Editor/SpeedTreeImporter/Content/SpeedTree9/EmptyNormal.uexp" 274
"../../../Engine/Plugins/Editor/SpeedTreeImporter/Content/SpeedTree9/Empty.uasset" 275
"../../../Engine/Plugins/Editor/SpeedTreeImporter/Content/SpeedTree9/Empty.uexp" 276
"../../../Engine/Plugins/Editor/SpeedTreeImporter/Content/SpeedTree9/SpeedTreeMaster.uasset" 277
"../../../Engine/Plugins/Editor/SpeedTreeImporter/Content/SpeedTree9/SpeedTreeMaster.uexp" 278
"../../../Engine/Plugins/Editor/SpeedTreeImporter/Content/SpeedTree9/SpeedTreeBillboard.uasset" 279
"../../../Engine/Plugins/Editor/SpeedTreeImporter/Content/SpeedTree9/SpeedTreeBillboard.uexp" 280
"../../../Engine/Plugins/Editor/SpeedTreeImporter/Content/SpeedTree9/SpeedTreeBillboardMaster.uasset" 281
"../../../Engine/Plugins/Editor/SpeedTreeImporter/Content/SpeedTree9/SpeedTreeBillboardMaster.uexp" 282
"../../../Engine/Plugins/Animation/ControlRig/Content/Controls/ControlRig_Octagon_solid.ubulk" 283
"../../../Engine/Plugins/Animation/ControlRig/Content/Controls/ControlRig_Octagon_solid.uasset" 284
"../../../Engine/Plugins/Animation/ControlRig/Content/Controls/ControlRig_Octagon_solid.uexp" 285
"../../../Engine/Plugins/Animation/ControlRig/Content/Controls/ControlRig_Octagon_3mm.ubulk" 286
"../../../Engine/Plugins/Animation/ControlRig/Content/Controls/ControlRig_Octagon_3mm.uasset" 287
"../../../Engine/Plugins/Animation/ControlRig/Content/Controls/ControlRig_Octagon_3mm.uexp" 288
"../../../Engine/Plugins/Animation/ControlRig/Content/Controls/ControlRig_Octagon_1mm.ubulk" 289
"../../../Engine/Plugins/Animation/ControlRig/Content/Controls/ControlRig_Octagon_1mm.uasset" 290
"../../../Engine/Plugins/Animation/ControlRig/Content/Controls/ControlRig_Octagon_1mm.uexp" 291
"../../../Engine/Plugins/Animation/ControlRig/Content/Controls/ControlRig_Hexagon_solid.ubulk" 292
"../../../Engine/Plugins/Animation/ControlRig/Content/Controls/ControlRig_Hexagon_solid.uasset" 293
"../../../Engine/Plugins/Animation/ControlRig/Content/Controls/ControlRig_Hexagon_solid.uexp" 294
"../../../Engine/Plugins/Animation/ControlRig/Content/Controls/ControlRig_Hexagon_3mm.ubulk" 295
"../../../Engine/Plugins/Animation/ControlRig/Content/Controls/ControlRig_Hexagon_3mm.uasset" 296
"../../../Engine/Plugins/Animation/ControlRig/Content/Controls/ControlRig_Hexagon_3mm.uexp" 297
"../../../Engine/Plugins/Animation/ControlRig/Content/Controls/ControlRig_Hexagon_1mm.ubulk" 298
"../../../Engine/Plugins/Animation/ControlRig/Content/Controls/ControlRig_Hexagon_1mm.uasset" 299
"../../../Engine/Plugins/Animation/ControlRig/Content/Controls/ControlRig_Hexagon_1mm.uexp" 300
"../../../Engine/Plugins/Animation/ControlRig/Content/Controls/ControlRig_HalfCircle_solid.ubulk" 301
"../../../Engine/Plugins/Animation/ControlRig/Content/Controls/ControlRig_HalfCircle_solid.uasset" 302
"../../../Engine/Plugins/Animation/ControlRig/Content/Controls/ControlRig_HalfCircle_solid.uexp" 303
"../../../Engine/Plugins/Animation/ControlRig/Content/Controls/ControlRig_HalfCircle_3mm.ubulk" 304
"../../../Engine/Plugins/Animation/ControlRig/Content/Controls/ControlRig_HalfCircle_3mm.uasset" 305
"../../../Engine/Plugins/Animation/ControlRig/Content/Controls/ControlRig_HalfCircle_3mm.uexp" 306
"../../../Engine/Plugins/Animation/ControlRig/Content/Controls/ControlRig_HalfCircle_1mm.ubulk" 307
"../../../Engine/Plugins/Animation/ControlRig/Content/Controls/ControlRig_HalfCircle_1mm.uasset" 308
"../../../Engine/Plugins/Animation/ControlRig/Content/Controls/ControlRig_HalfCircle_1mm.uexp" 309
"../../../Engine/Plugins/Animation/ControlRig/Content/Controls/ControlRig_Diamond_solid.ubulk" 310
"../../../Engine/Plugins/Animation/ControlRig/Content/Controls/ControlRig_Diamond_solid.uasset" 311
"../../../Engine/Plugins/Animation/ControlRig/Content/Controls/ControlRig_Diamond_solid.uexp" 312
"../../../Engine/Plugins/Animation/ControlRig/Content/Controls/ControlRig_Diamond_3mm.ubulk" 313
"../../../Engine/Plugins/Animation/ControlRig/Content/Controls/ControlRig_Diamond_3mm.uasset" 314
"../../../Engine/Plugins/Animation/ControlRig/Content/Controls/ControlRig_Diamond_3mm.uexp" 315
"../../../Engine/Plugins/Animation/ControlRig/Content/Controls/ControlRig_Diamond_1mm.ubulk" 316
"../../../Engine/Plugins/Animation/ControlRig/Content/Controls/ControlRig_Diamond_1mm.uasset" 317
"../../../Engine/Plugins/Animation/ControlRig/Content/Controls/ControlRig_Diamond_1mm.uexp" 318
"../../../Engine/Plugins/Animation/ControlRig/Content/Controls/ControlRig_Circle_solid.ubulk" 319
"../../../Engine/Plugins/Animation/ControlRig/Content/Controls/ControlRig_Circle_solid.uasset" 320
"../../../Engine/Plugins/Animation/ControlRig/Content/Controls/ControlRig_Circle_solid.uexp" 321
"../../../Engine/Plugins/Animation/ControlRig/Content/Controls/ControlRig_Circle_3mm.ubulk" 322
"../../../Engine/Plugins/Animation/ControlRig/Content/Controls/ControlRig_Circle_3mm.uasset" 323
"../../../Engine/Plugins/Animation/ControlRig/Content/Controls/ControlRig_Circle_3mm.uexp" 324
"../../../Engine/Plugins/Animation/ControlRig/Content/Controls/ControlRig_Circle_1mm.ubulk" 325
"../../../Engine/Plugins/Animation/ControlRig/Content/Controls/ControlRig_Circle_1mm.uasset" 326
"../../../Engine/Plugins/Animation/ControlRig/Content/Controls/ControlRig_Circle_1mm.uexp" 327
"../../../Engine/Plugins/Animation/ControlRig/Content/Controls/ControlRig_Box_solid.ubulk" 328
"../../../Engine/Plugins/Animation/ControlRig/Content/Controls/ControlRig_Box_solid.uasset" 329
"../../../Engine/Plugins/Animation/ControlRig/Content/Controls/ControlRig_Box_solid.uexp" 330
"../../../Engine/Plugins/Animation/ControlRig/Content/Controls/ControlRig_Box_3mm.ubulk" 331
"../../../Engine/Plugins/Animation/ControlRig/Content/Controls/ControlRig_Box_3mm.uasset" 332
"../../../Engine/Plugins/Animation/ControlRig/Content/Controls/ControlRig_Box_3mm.uexp" 333
"../../../Engine/Plugins/Animation/ControlRig/Content/Controls/ControlRig_Box_1mm.ubulk" 334
"../../../Engine/Plugins/Animation/ControlRig/Content/Controls/ControlRig_Box_1mm.uasset" 335
"../../../Engine/Plugins/Animation/ControlRig/Content/Controls/ControlRig_Box_1mm.uexp" 336
"../../../Engine/Plugins/Animation/ControlRig/Content/Controls/ControlRig_Arrow_solid.ubulk" 337
"../../../Engine/Plugins/Animation/ControlRig/Content/Controls/ControlRig_Arrow_solid.uasset" 338
"../../../Engine/Plugins/Animation/ControlRig/Content/Controls/ControlRig_Arrow_solid.uexp" 339
"../../../Engine/Plugins/Animation/ControlRig/Content/Controls/ControlRig_Arrow_3mm.ubulk" 340
"../../../Engine/Plugins/Animation/ControlRig/Content/Controls/ControlRig_Arrow_3mm.uasset" 341
"../../../Engine/Plugins/Animation/ControlRig/Content/Controls/ControlRig_Arrow_3mm.uexp" 342
"../../../Engine/Plugins/Animation/ControlRig/Content/Controls/ControlRig_Arrow_1mm.ubulk" 343
"../../../Engine/Plugins/Animation/ControlRig/Content/Controls/ControlRig_Arrow_1mm.uasset" 344
"../../../Engine/Plugins/Animation/ControlRig/Content/Controls/ControlRig_Arrow_1mm.uexp" 345
"../../../Engine/Plugins/Animation/ControlRig/Content/Controls/ControlRig_Arrow4_solid.ubulk" 346
"../../../Engine/Plugins/Animation/ControlRig/Content/Controls/ControlRig_Arrow4_solid.uasset" 347
"../../../Engine/Plugins/Animation/ControlRig/Content/Controls/ControlRig_Arrow4_solid.uexp" 348
"../../../Engine/Plugins/Animation/ControlRig/Content/Controls/ControlRig_Arrow4_3mm.ubulk" 349
"../../../Engine/Plugins/Animation/ControlRig/Content/Controls/ControlRig_Arrow4_3mm.uasset" 350
"../../../Engine/Plugins/Animation/ControlRig/Content/Controls/ControlRig_Arrow4_3mm.uexp" 351
"../../../Engine/Plugins/Animation/ControlRig/Content/Controls/ControlRig_Arrow4_1mm.ubulk" 352
"../../../Engine/Plugins/Animation/ControlRig/Content/Controls/ControlRig_Arrow4_1mm.uasset" 353
"../../../Engine/Plugins/Animation/ControlRig/Content/Controls/ControlRig_Arrow4_1mm.uexp" 354
"../../../Engine/Plugins/Animation/ControlRig/Content/Controls/ControlRig_Arrow2_solid.ubulk" 355
"../../../Engine/Plugins/Animation/ControlRig/Content/Controls/ControlRig_Arrow2_solid.uasset" 356
"../../../Engine/Plugins/Animation/ControlRig/Content/Controls/ControlRig_Arrow2_solid.uexp" 357
"../../../Engine/Plugins/Animation/ControlRig/Content/Controls/ControlRig_Arrow2_3mm.ubulk" 358
"../../../Engine/Plugins/Animation/ControlRig/Content/Controls/ControlRig_Arrow2_3mm.uasset" 359
"../../../Engine/Plugins/Animation/ControlRig/Content/Controls/ControlRig_Arrow2_3mm.uexp" 360
"../../../Engine/Plugins/Animation/ControlRig/Content/Controls/ControlRig_Arrow2_1mm.ubulk" 361
"../../../Engine/Plugins/Animation/ControlRig/Content/Controls/ControlRig_Arrow2_1mm.uasset" 362
"../../../Engine/Plugins/Animation/ControlRig/Content/Controls/ControlRig_Arrow2_1mm.uexp" 363
"../../../Engine/Plugins/Animation/ControlRig/Content/Controls/ControlRigXRayMaterial.uasset" 364
"../../../Engine/Plugins/Animation/ControlRig/Content/Controls/ControlRigXRayMaterial.uexp" 365
"../../../Engine/Plugins/Animation/ControlRig/Content/Controls/ControlRigGizmoMaterial.uasset" 366
"../../../Engine/Plugins/Animation/ControlRig/Content/Controls/ControlRigGizmoMaterial.uexp" 367
"../../../Engine/Content/EngineSounds/Master.uasset" 368
"../../../Engine/Content/EngineSounds/Master.uexp" 369
"../../../Engine/Content/EngineMaterials/STBlueNoise_vec2_128x128x64.uasset" 370
"../../../Engine/Content/EngineMaterials/STBlueNoise_vec2_128x128x64.uexp" 371
"../../../Engine/Content/EngineMaterials/STBlueNoise_scalar_128x128x64.uasset" 372
"../../../Engine/Content/EngineMaterials/STBlueNoise_scalar_128x128x64.uexp" 373
"../../../Engine/Content/EngineMaterials/RemoveSurfaceMaterial.uasset" 374
"../../../Engine/Content/EngineMaterials/RemoveSurfaceMaterial.uexp" 375
"../../../Engine/Content/EngineMaterials/DefaultCalibrationGrayscale.uasset" 376
"../../../Engine/Content/EngineMaterials/DefaultCalibrationGrayscale.uexp" 377
"../../../Engine/Content/EngineMaterials/PPM_DefaultCalibrationGrayscale.uasset" 378
"../../../Engine/Content/EngineMaterials/PPM_DefaultCalibrationGrayscale.uexp" 379
"../../../Engine/Content/EngineMaterials/DefaultCalibrationColor.uasset" 380
"../../../Engine/Content/EngineMaterials/DefaultCalibrationColor.uexp" 381
"../../../Engine/Content/EngineMaterials/PPM_DefaultCalibrationColor.uasset" 382
"../../../Engine/Content/EngineMaterials/PPM_DefaultCalibrationColor.uexp" 383
"../../../Engine/Content/EngineMaterials/PhAT_JointLimitMaterial.uasset" 384
"../../../Engine/Content/EngineMaterials/PhAT_JointLimitMaterial.uexp" 385
"../../../Engine/Content/EngineMaterials/NaniteHiddenSectionMaterial.uasset" 386
"../../../Engine/Content/EngineMaterials/NaniteHiddenSectionMaterial.uexp" 387
"../../../Engine/Content/EngineMaterials/InvalidLightmapSettings.ubulk" 388
"../../../Engine/Content/EngineMaterials/InvalidLightmapSettings.uasset" 389
"../../../Engine/Content/EngineMaterials/InvalidLightmapSettings.uexp" 390
"../../../Engine/Content/EngineMaterials/M_InvalidLightmapSettings.uasset" 391
"../../../Engine/Content/EngineMaterials/M_InvalidLightmapSettings.uexp" 392
"../../../Engine/Content/EngineMaterials/GizmoMaterial.uasset" 393
"../../../Engine/Content/EngineMaterials/GizmoMaterial.uexp" 394
"../../../Engine/Content/EngineMaterials/BaseFlattenEmissiveMap_VT.uasset" 395
"../../../Engine/Content/EngineMaterials/BaseFlattenEmissiveMap_VT.uexp" 396
"../../../Engine/Content/EngineMaterials/BaseFlattenGrayscaleMap_VT.uasset" 397
"../../../Engine/Content/EngineMaterials/BaseFlattenGrayscaleMap_VT.uexp" 398
"../../../Engine/Content/EngineMaterials/BaseFlattenLinearColor_VT.uasset" 399
"../../../Engine/Content/EngineMaterials/BaseFlattenLinearColor_VT.uexp" 400
"../../../Engine/Content/EngineMaterials/Black_1x1_EXR_Texture_VT.uasset" 401
"../../../Engine/Content/EngineMaterials/Black_1x1_EXR_Texture_VT.uexp" 402
"../../../Engine/Content/EngineMaterials/BaseFlattenDiffuseMap_VT.uasset" 403
"../../../Engine/Content/EngineMaterials/BaseFlattenDiffuseMap_VT.uexp" 404
"../../../Engine/Content/EngineMaterials/BaseFlattenNormalMap_VT.uasset" 405
"../../../Engine/Content/EngineMaterials/BaseFlattenNormalMap_VT.uexp" 406
"../../../Engine/Content/EngineMaterials/FlattenMaterial_WS_Normal_VT.uasset" 407
"../../../Engine/Content/EngineMaterials/FlattenMaterial_WS_Normal_VT.uexp" 408
"../../../Engine/Content/EngineMaterials/FlattenMaterial_VT.uasset" 409
"../../../Engine/Content/EngineMaterials/FlattenMaterial_VT.uexp" 410
"../../../Engine/Content/EngineMaterials/BaseFlattenNormalMap.uasset" 411
"../../../Engine/Content/EngineMaterials/BaseFlattenNormalMap.uexp" 412
"../../../Engine/Content/EngineMaterials/BaseFlattenGrayscaleMap.uasset" 413
"../../../Engine/Content/EngineMaterials/BaseFlattenGrayscaleMap.uexp" 414
"../../../Engine/Content/EngineMaterials/BaseFlattenDiffuseMap.uasset" 415
"../../../Engine/Content/EngineMaterials/BaseFlattenDiffuseMap.uexp" 416
"../../../Engine/Content/Functions/Engine_MaterialFunctions02/PivotPainter2/Black_1x1_EXR_Texture.uasset" 417
"../../../Engine/Content/Functions/Engine_MaterialFunctions02/PivotPainter2/Black_1x1_EXR_Texture.uexp" 418
"../../../Engine/Content/EngineMaterials/BaseFlattenEmissiveMap.uasset" 419
"../../../Engine/Content/EngineMaterials/BaseFlattenEmissiveMap.uexp" 420
"../../../Engine/Content/EngineMaterials/BaseFlattenLinearColor.uasset" 421
"../../../Engine/Content/EngineMaterials/BaseFlattenLinearColor.uexp" 422
"../../../Engine/Content/EngineMaterials/FlattenMaterial.uasset" 423
"../../../Engine/Content/EngineMaterials/FlattenMaterial.uexp" 424
"../../../Engine/Content/EngineMaterials/DefaultWhiteGrid_Low.uasset" 425
"../../../Engine/Content/EngineMaterials/DefaultWhiteGrid_Low.uexp" 426
"../../../Engine/Content/EngineMaterials/EmissiveMeshMaterial.uasset" 427
"../../../Engine/Content/EngineMaterials/EmissiveMeshMaterial.uexp" 428
"../../../Engine/Content/EngineFonts/RobotoDistanceField.uasset" 429
"../../../Engine/Content/EngineFonts/RobotoDistanceField.uexp" 430
"../../../Engine/Content/EngineMaterials/DefaultTextMaterialOpaque.uasset" 431
"../../../Engine/Content/EngineMaterials/DefaultTextMaterialOpaque.uexp" 432
"../../../Engine/Content/EngineMaterials/DefaultDiffuse.ubulk" 433
"../../../Engine/Content/EngineMaterials/DefaultDiffuse.uasset" 434
"../../../Engine/Content/EngineMaterials/DefaultDiffuse.uexp" 435
"../../../Engine/Content/Functions/Engine_MaterialFunctions02/Utility/BreakOutFloat2Components.uasset" 436
"../../../Engine/Content/Functions/Engine_MaterialFunctions02/Utility/BreakOutFloat2Components.uexp" 437
"../../../Engine/Content/EngineMaterials/DefaultPostProcessMaterial.uasset" 438
"../../../Engine/Content/EngineMaterials/DefaultPostProcessMaterial.uexp" 439
"../../../Engine/Content/EngineMaterials/DefaultPhysicalMaterial.uasset" 440
"../../../Engine/Content/EngineMaterials/DefaultPhysicalMaterial.uexp" 441
"../../../Engine/Content/EngineMaterials/DefaultLightFunctionMaterial.uasset" 442
"../../../Engine/Content/EngineMaterials/DefaultLightFunctionMaterial.uexp" 443
"../../../Engine/Content/EngineMaterials/DefaultDestructiblePhysicalMaterial.uasset" 444
"../../../Engine/Content/EngineMaterials/DefaultDestructiblePhysicalMaterial.uexp" 445
"../../../Engine/Content/EngineMaterials/DefaultDeferredDecalMaterial.uasset" 446
"../../../Engine/Content/EngineMaterials/DefaultDeferredDecalMaterial.uexp" 447
"../../../Engine/Content/EngineMaterials/DefaultBloomKernel.uasset" 448
"../../../Engine/Content/EngineMaterials/DefaultBloomKernel.uexp" 449
"../../../Engine/Content/EngineFonts/Faces/RobotoLight.uexp" 450
"../../../Engine/Content/EngineFonts/Faces/RobotoLight.uasset" 451
"../../../Engine/Content/EngineFonts/Faces/RobotoLight.ufont" 452
"../../../Engine/Content/EngineFonts/Faces/RobotoBold.uexp" 453
"../../../Engine/Content/EngineFonts/Faces/RobotoBold.uasset" 454
"../../../Engine/Content/EngineFonts/Faces/RobotoBold.ufont" 455
"../../../Engine/Content/EngineFonts/Faces/RobotoRegular.uexp" 456
"../../../Engine/Content/EngineFonts/Faces/RobotoRegular.uasset" 457
"../../../Engine/Content/EngineFonts/Faces/RobotoRegular.ufont" 458
"../../../Engine/Content/EngineFonts/Faces/DroidSansFallback.uexp" 459
"../../../Engine/Content/EngineFonts/Faces/DroidSansFallback.uasset" 460
"../../../Engine/Content/EngineFonts/Faces/DroidSansFallback.ufont" 461
"../../../Engine/Content/EngineFonts/Faces/RobotoItalic.uexp" 462
"../../../Engine/Content/EngineFonts/Faces/RobotoItalic.uasset" 463
"../../../Engine/Content/EngineFonts/Faces/RobotoItalic.ufont" 464
"../../../Engine/Content/EngineFonts/Faces/RobotoBoldItalic.uexp" 465
"../../../Engine/Content/EngineFonts/Faces/RobotoBoldItalic.uasset" 466
"../../../Engine/Content/EngineFonts/Faces/RobotoBoldItalic.ufont" 467
"../../../Engine/Content/EngineFonts/Roboto.uasset" 468
"../../../Engine/Content/EngineFonts/Roboto.uexp" 469
"../../../Engine/Content/Functions/Engine_MaterialFunctions02/Utility/CameraDirectionVector.uasset" 470
"../../../Engine/Content/Functions/Engine_MaterialFunctions02/Utility/CameraDirectionVector.uexp" 471
"../../../Engine/Content/EngineDebugMaterials/VolumeToRender.uasset" 472
"../../../Engine/Content/EngineDebugMaterials/VolumeToRender.uexp" 473
"../../../Engine/Content/EngineDebugMaterials/M_VolumeRenderSphereTracePP.uasset" 474
"../../../Engine/Content/EngineDebugMaterials/M_VolumeRenderSphereTracePP.uexp" 475
"../../../Engine/Content/EngineDebugMaterials/M_SimpleUnlitTranslucent.uasset" 476
"../../../Engine/Content/EngineDebugMaterials/M_SimpleUnlitTranslucent.uexp" 477
"../../../Engine/Content/MobileResources/HUD/VirtualJoystick_Background.uasset" 478
"../../../Engine/Content/MobileResources/HUD/VirtualJoystick_Background.uexp" 479
"../../../Engine/Content/MobileResources/HUD/VirtualJoystick_Thumb.uasset" 480
"../../../Engine/Content/MobileResources/HUD/VirtualJoystick_Thumb.uexp" 481
"../../../Engine/Content/MobileResources/HUD/DefaultVirtualJoysticks.uasset" 482
"../../../Engine/Content/MobileResources/HUD/DefaultVirtualJoysticks.uexp" 483
"../../../Engine/Content/Functions/Engine_MaterialFunctions01/Shading/PowerToRoughness.uasset" 484
"../../../Engine/Content/Functions/Engine_MaterialFunctions01/Shading/PowerToRoughness.uexp" 485
"../../../Engine/Content/Functions/Engine_MaterialFunctions01/Shading/ConvertFromDiffSpec.uasset" 486
"../../../Engine/Content/Functions/Engine_MaterialFunctions01/Shading/ConvertFromDiffSpec.uexp" 487
"../../../Engine/Content/EngineSky/VolumetricClouds/CloudWeatherTexture.uasset" 488
"../../../Engine/Content/EngineSky/VolumetricClouds/CloudWeatherTexture.uexp" 489
"../../../Engine/Content/Functions/Engine_MaterialFunctions02/Utility/MakeFloat2.uasset" 490
"../../../Engine/Content/Functions/Engine_MaterialFunctions02/Utility/MakeFloat2.uexp" 491
"../../../Engine/Content/EngineSky/VolumetricClouds/CloudGradientTexture.uasset" 492
"../../../Engine/Content/EngineSky/VolumetricClouds/CloudGradientTexture.uexp" 493
"../../../Engine/Content/EngineSky/VolumetricClouds/T_NoiseShape64.ubulk" 494
"../../../Engine/Content/EngineSky/VolumetricClouds/T_NoiseShape64.uasset" 495
"../../../Engine/Content/EngineSky/VolumetricClouds/T_NoiseShape64.uexp" 496
"../../../Engine/Content/EngineSky/VolumetricClouds/T_VolumeNoiseShape64.uasset" 497
"../../../Engine/Content/EngineSky/VolumetricClouds/T_VolumeNoiseShape64.uexp" 498
"../../../Engine/Content/EngineSky/VolumetricClouds/T_NoiseErosion.ubulk" 499
"../../../Engine/Content/EngineSky/VolumetricClouds/T_NoiseErosion.uasset" 500
"../../../Engine/Content/EngineSky/VolumetricClouds/T_NoiseErosion.uexp" 501
"../../../Engine/Content/EngineSky/VolumetricClouds/T_VolumeNoiseErosion32.uasset" 502
"../../../Engine/Content/EngineSky/VolumetricClouds/T_VolumeNoiseErosion32.uexp" 503
"../../../Engine/Content/EngineSky/VolumetricClouds/m_SimpleVolumetricCloud.uasset" 504
"../../../Engine/Content/EngineSky/VolumetricClouds/m_SimpleVolumetricCloud.uexp" 505
"../../../Engine/Content/EngineSky/VolumetricClouds/m_SimpleVolumetricCloud_Inst.uasset" 506
"../../../Engine/Content/EngineSky/VolumetricClouds/m_SimpleVolumetricCloud_Inst.uexp" 507
"../../../Engine/Content/EngineResources/FilmGrains/Marcie_Grain_v3_128_M2_000.uasset" 508
"../../../Engine/Content/EngineResources/FilmGrains/Marcie_Grain_v3_128_M2_000.uexp" 509
"../../../Engine/Content/EngineDebugMaterials/DebugMeshMaterial.uasset" 510
"../../../Engine/Content/EngineDebugMaterials/DebugMeshMaterial.uexp" 511
"../../../Engine/Content/EngineDebugMaterials/DebugEditorMaterial.uasset" 512
"../../../Engine/Content/EngineDebugMaterials/DebugEditorMaterial.uexp" 513
"../../../Engine/Content/EngineDamageTypes/DmgTypeBP_Environmental.uasset" 514
"../../../Engine/Content/EngineDamageTypes/DmgTypeBP_Environmental.uexp" 515
"../../../Engine/Content/EditorResources/S_Terrain.ubulk" 516
"../../../Engine/Content/EditorResources/S_Terrain.uasset" 517
"../../../Engine/Content/EditorResources/S_Terrain.uexp" 518
"../../../Engine/Content/EditorResources/EmptyActor.uasset" 519
"../../../Engine/Content/EditorResources/EmptyActor.uexp" 520
"../../../Engine/Content/EditorResources/BSPVertex.uasset" 521
"../../../Engine/Content/EditorResources/BSPVertex.uexp" 522
"../../../Engine/Content/EditorResources/SequenceRecorder/RecordingIndicator.uasset" 523
"../../../Engine/Content/EditorResources/SequenceRecorder/RecordingIndicator.uexp" 524
"../../../Engine/Content/EditorResources/SequenceRecorder/Countdown.uasset" 525
"../../../Engine/Content/EditorResources/SequenceRecorder/Countdown.uexp" 526
"../../../Engine/Content/EditorMaterials/PreviewShadowIndicator.ubulk" 527
"../../../Engine/Content/EditorMaterials/PreviewShadowIndicator.uasset" 528
"../../../Engine/Content/EditorMaterials/PreviewShadowIndicator.uexp" 529
"../../../Engine/Content/EditorMaterials/PreviewShadowIndicatorMaterial.uasset" 530
"../../../Engine/Content/EditorMaterials/PreviewShadowIndicatorMaterial.uexp" 531
"../../../Engine/Content/EditorMaterials/PhAT_UnselectedMaterial.uasset" 532
"../../../Engine/Content/EditorMaterials/PhAT_UnselectedMaterial.uexp" 533
"../../../Engine/Content/EditorMaterials/PhAT_NoCollisionMaterial.uasset" 534
"../../../Engine/Content/EditorMaterials/PhAT_NoCollisionMaterial.uexp" 535
"../../../Engine/Content/EditorLandscapeResources/DefaultAlphaTexture.uasset" 536
"../../../Engine/Content/EditorLandscapeResources/DefaultAlphaTexture.uexp" 537
"../../../Engine/Content/EditorLandscapeResources/DataLayer.uasset" 538
"../../../Engine/Content/EditorLandscapeResources/DataLayer.uexp" 539
"../../../Engine/Content/BasicShapes/Plane.ubulk" 540
"../../../Engine/Content/BasicShapes/Plane.uasset" 541
"../../../Engine/Content/BasicShapes/Plane.uexp" 542
"../../../Engine/Content/EngineMaterials/DefaultMaterial.uasset" 543
"../../../Engine/Content/EngineMaterials/DefaultMaterial.uexp" 544
"../../../Engine/Content/BasicShapes/Cylinder.ubulk" 545
"../../../Engine/Content/BasicShapes/Cylinder.uasset" 546
"../../../Engine/Content/BasicShapes/Cylinder.uexp" 547
"../../../Engine/Content/BasicShapes/Cone.ubulk" 548
"../../../Engine/Content/BasicShapes/Cone.uasset" 549
"../../../Engine/Content/BasicShapes/Cone.uexp" 550
"../../../Engine/Content/Animation/DefaultRecorderBoneCompression.uasset" 551
"../../../Engine/Content/Animation/DefaultRecorderBoneCompression.uexp" 552
"../../../Engine/Content/BasicShapes/Cube.ubulk" 553
"../../../Engine/Content/BasicShapes/Cube.uasset" 554
"../../../Engine/Content/BasicShapes/Cube.uexp" 555
"E:/GDL_ClassActivites/Content/MyContent/UI/BP_UI_HUD.uasset" 556
"E:/GDL_ClassActivites/Content/MyContent/UI/BP_UI_HUD.uexp" 557
"E:/GDL_ClassActivites/Content/MyContent/Characters/Player/Inputs/IA_Jump.uasset" 558
"E:/GDL_ClassActivites/Content/MyContent/Characters/Player/Inputs/IA_Jump.uexp" 559
"E:/GDL_ClassActivites/Content/MyContent/Interactables/BP_Interactable.uasset" 560
"E:/GDL_ClassActivites/Content/MyContent/Interactables/BP_Interactable.uexp" 561
"E:/GDL_ClassActivites/Content/MyContent/Characters/Player/Inputs/IA_Camera.uasset" 562
"E:/GDL_ClassActivites/Content/MyContent/Characters/Player/Inputs/IA_Camera.uexp" 563
"E:/GDL_ClassActivites/Content/MyContent/Characters/Player/Inputs/IA_Interact.uasset" 564
"E:/GDL_ClassActivites/Content/MyContent/Characters/Player/Inputs/IA_Interact.uexp" 565
"E:/GDL_ClassActivites/Content/MyContent/Characters/Player/Inputs/IA_Shoot.uasset" 566
"E:/GDL_ClassActivites/Content/MyContent/Characters/Player/Inputs/IA_Shoot.uexp" 567
"E:/GDL_ClassActivites/Content/MyContent/Characters/Player/Inputs/IA_Movement.uasset" 568
"E:/GDL_ClassActivites/Content/MyContent/Characters/Player/Inputs/IA_Movement.uexp" 569
"E:/GDL_ClassActivites/Content/MyContent/Characters/Player/Inputs/IMC_Locomotion.uasset" 570
"E:/GDL_ClassActivites/Content/MyContent/Characters/Player/Inputs/IMC_Locomotion.uexp" 571
"../../../Engine/Content/EditorBlueprintResources/StandardMacros.uasset" 572
"../../../Engine/Content/EditorBlueprintResources/StandardMacros.uexp" 573
"E:/GDL_ClassActivites/Content/MyContent/Characters/Player/BP_CTR_Player.uasset" 574
"E:/GDL_ClassActivites/Content/MyContent/Characters/Player/BP_CTR_Player.uexp" 575
"E:/GDL_ClassActivites/Content/MyContent/SoundEffects/sci_fi_door_sound_effect.ubulk" 576
"E:/GDL_ClassActivites/Content/MyContent/SoundEffects/sci_fi_door_sound_effect.uasset" 577
"E:/GDL_ClassActivites/Content/MyContent/SoundEffects/sci_fi_door_sound_effect.uexp" 578
"../../../Engine/Content/ArtTools/RenderToTexture/Materials/Debug/M_Emissive_Color.uasset" 579
"../../../Engine/Content/ArtTools/RenderToTexture/Materials/Debug/M_Emissive_Color.uexp" 580
"../../../Engine/Content/ArtTools/RenderToTexture/Materials/Debug/M_Emissive_Color_0-0-127.uasset" 581
"../../../Engine/Content/ArtTools/RenderToTexture/Materials/Debug/M_Emissive_Color_0-0-127.uexp" 582
"E:/GDL_ClassActivites/Content/MyContent/Interactables/BP_DOOR.uasset" 583
"E:/GDL_ClassActivites/Content/MyContent/Interactables/BP_DOOR.uexp" 584
"E:/GDL_ClassActivites/Content/MyContent/Core/BP_GM_FPS.uasset" 585
"E:/GDL_ClassActivites/Content/MyContent/Core/BP_GM_FPS.uexp" 586
"E:/GDL_ClassActivites/Content/MyContent/Assets/lambert2.uasset" 587
"E:/GDL_ClassActivites/Content/MyContent/Assets/lambert2.uexp" 588
"../../../Engine/Content/Animation/DefaultAnimCurveCompressionSettings.uasset" 589
"../../../Engine/Content/Animation/DefaultAnimCurveCompressionSettings.uexp" 590
"E:/GDL_ClassActivites/Content/MyContent/Assets/Door_Anim_Skeleton.uasset" 591
"E:/GDL_ClassActivites/Content/MyContent/Assets/Door_Anim_Skeleton.uexp" 592
"../../../Engine/Content/Animation/DefaultAnimBoneCompressionSettings.uasset" 593
"../../../Engine/Content/Animation/DefaultAnimBoneCompressionSettings.uexp" 594
"E:/GDL_ClassActivites/Content/MyContent/Assets/Door_Anim_Anim.uasset" 595
"E:/GDL_ClassActivites/Content/MyContent/Assets/Door_Anim_Anim.uexp" 596
"../../../Engine/Content/Maps/Entry_BuiltData.uasset" 597
"../../../Engine/Content/Maps/Entry_BuiltData.uexp" 598
"../../../Engine/Content/Maps/Entry.uexp" 599
"../../../Engine/Content/Maps/Entry.umap" 600
"E:/GDL_ClassActivites/Content/MyContent/Assets/Door_Anim_PhysicsAsset.uasset" 601
"E:/GDL_ClassActivites/Content/MyContent/Assets/Door_Anim_PhysicsAsset.uexp" 602
"E:/GDL_ClassActivites/Content/MyContent/Assets/standardSurface1.uasset" 603
"E:/GDL_ClassActivites/Content/MyContent/Assets/standardSurface1.uexp" 604
"E:/GDL_ClassActivites/Content/MyContent/Assets/Door_Anim.uasset" 605
"E:/GDL_ClassActivites/Content/MyContent/Assets/Door_Anim.uexp" 606
"E:/GDL_ClassActivites/Content/MyContent/Assets/Roof_roof_Skeleton.uasset" 607
"E:/GDL_ClassActivites/Content/MyContent/Assets/Roof_roof_Skeleton.uexp" 608
"E:/GDL_ClassActivites/Content/MyContent/Assets/Roof.uasset" 609
"E:/GDL_ClassActivites/Content/MyContent/Assets/Roof.uexp" 610
"../../../Engine/Content/EngineMaterials/BlendFunc_DefBlend.uasset" 611
"../../../Engine/Content/EngineMaterials/BlendFunc_DefBlend.uexp" 612
"../../../Engine/Content/EngineMaterials/BlendFunc_DefBase.uasset" 613
"../../../Engine/Content/EngineMaterials/BlendFunc_DefBase.uexp" 614
"../../../Engine/Content/Functions/Engine_MaterialFunctions03/Blends/Blend_Overlay.uasset" 615
"../../../Engine/Content/Functions/Engine_MaterialFunctions03/Blends/Blend_Overlay.uexp" 616
"../../../Engine/Content/OpenWorldTemplate/LandscapeMaterial/T_GridChecker_A.ubulk" 617
"../../../Engine/Content/OpenWorldTemplate/LandscapeMaterial/T_GridChecker_A.uasset" 618
"../../../Engine/Content/OpenWorldTemplate/LandscapeMaterial/T_GridChecker_A.uexp" 619
"../../../Engine/Content/Functions/Engine_MaterialFunctions02/Utility/MakeFloat3.uasset" 620
"../../../Engine/Content/Functions/Engine_MaterialFunctions02/Utility/MakeFloat3.uexp" 621
"../../../Engine/Content/Functions/Engine_MaterialFunctions01/Gradient/LinearGradient.uasset" 622
"../../../Engine/Content/Functions/Engine_MaterialFunctions01/Gradient/LinearGradient.uexp" 623
"../../../Engine/Content/Functions/Engine_MaterialFunctions01/ImageAdjustment/CheapContrast.uasset" 624
"../../../Engine/Content/Functions/Engine_MaterialFunctions01/ImageAdjustment/CheapContrast.uexp" 625
"../../../Engine/Content/OpenWorldTemplate/LandscapeMaterial/MF_ProcGrid.uasset" 626
"../../../Engine/Content/OpenWorldTemplate/LandscapeMaterial/MF_ProcGrid.uexp" 627
"../../../Engine/Content/OpenWorldTemplate/LandscapeMaterial/M_ProcGrid.uasset" 628
"../../../Engine/Content/OpenWorldTemplate/LandscapeMaterial/M_ProcGrid.uexp" 629
"../../../Engine/Content/OpenWorldTemplate/LandscapeMaterial/MI_ProcGrid.uasset" 630
"../../../Engine/Content/OpenWorldTemplate/LandscapeMaterial/MI_ProcGrid.uexp" 631
"E:/GDL_ClassActivites/Content/MyContent/SoundEffects/Button_Press_Sound_Effect.ubulk" 632
"E:/GDL_ClassActivites/Content/MyContent/SoundEffects/Button_Press_Sound_Effect.uasset" 633
"E:/GDL_ClassActivites/Content/MyContent/SoundEffects/Button_Press_Sound_Effect.uexp" 634
"E:/GDL_ClassActivites/Content/MyContent/Interactables/BP_INT_SWITCH.uasset" 635
"E:/GDL_ClassActivites/Content/MyContent/Interactables/BP_INT_SWITCH.uexp" 636
"E:/GDL_ClassActivites/Content/MyContent/Interactables/BP_INT_S_DOOR.uasset" 637
"E:/GDL_ClassActivites/Content/MyContent/Interactables/BP_INT_S_DOOR.uexp" 638
"E:/GDL_ClassActivites/Content/MyContent/Core/BP_AC_Health.uasset" 639
"E:/GDL_ClassActivites/Content/MyContent/Core/BP_AC_Health.uexp" 640
"../../../Engine/Content/EngineSky/T_Sky_Stars.ubulk" 641
"../../../Engine/Content/EngineSky/T_Sky_Stars.uasset" 642
"../../../Engine/Content/EngineSky/T_Sky_Stars.uexp" 643
"../../../Engine/Content/EngineSky/T_Sky_Clouds_M.ubulk" 644
"../../../Engine/Content/EngineSky/T_Sky_Clouds_M.uasset" 645
"../../../Engine/Content/EngineSky/T_Sky_Clouds_M.uexp" 646
"../../../Engine/Content/EngineSky/T_Sky_Blue.ubulk" 647
"../../../Engine/Content/EngineSky/T_Sky_Blue.uasset" 648
"../../../Engine/Content/EngineSky/T_Sky_Blue.uexp" 649
"../../../Engine/Content/EngineSky/M_Sky_Panning_Clouds2.uasset" 650
"../../../Engine/Content/EngineSky/M_Sky_Panning_Clouds2.uexp" 651
"../../../Engine/Content/EngineSky/SM_SkySphere.ubulk" 652
"../../../Engine/Content/EngineSky/SM_SkySphere.uasset" 653
"../../../Engine/Content/EngineSky/SM_SkySphere.uexp" 654
"../../../Engine/Content/MapTemplates/SM_Template_Map_Floor.ubulk" 655
"../../../Engine/Content/MapTemplates/SM_Template_Map_Floor.uasset" 656
"../../../Engine/Content/MapTemplates/SM_Template_Map_Floor.uexp" 657
"E:/GDL_ClassActivites/Content/MyContent/Characters/Player/BP_Player.uasset" 658
"E:/GDL_ClassActivites/Content/MyContent/Characters/Player/BP_Player.uexp" 659
"../../../Engine/Content/BasicShapes/BasicShapeMaterial.uasset" 660
"../../../Engine/Content/BasicShapes/BasicShapeMaterial.uexp" 661
"E:/GDL_ClassActivites/Content/MyContent/Characters/Enemies/BP_CTR_Enemys.uasset" 662
"E:/GDL_ClassActivites/Content/MyContent/Characters/Enemies/BP_CTR_Enemys.uexp" 663
"E:/GDL_ClassActivites/Content/MyContent/Assets/Wall.ubulk" 664
"E:/GDL_ClassActivites/Content/MyContent/Assets/Wall.uasset" 665
"E:/GDL_ClassActivites/Content/MyContent/Assets/Wall.uexp" 666
"../../../Engine/Content/EngineSky/M_SimpleSkyDome.uasset" 667
"../../../Engine/Content/EngineSky/M_SimpleSkyDome.uexp" 668
"E:/GDL_ClassActivites/Content/MyContent/Maps/Untitled.uexp" 669
"E:/GDL_ClassActivites/Content/MyContent/Maps/Untitled.umap" 670
"E:/GDL_ClassActivites/Content/MyContent/Maps/GameLabAssementSandbox01.uexp" 671
"E:/GDL_ClassActivites/Content/MyContent/Maps/GameLabAssementSandbox01.umap" 672
"E:/GDL_ClassActivites/Content/MyContent/SoundEffects/Puffer_Fish_Carrot_Sound__MEME_.ubulk" 673
"E:/GDL_ClassActivites/Content/MyContent/SoundEffects/Puffer_Fish_Carrot_Sound__MEME_.uasset" 674
"E:/GDL_ClassActivites/Content/MyContent/SoundEffects/Puffer_Fish_Carrot_Sound__MEME_.uexp" 675
"../../../Engine/Content/BasicShapes/Sphere.ubulk" 676
"../../../Engine/Content/BasicShapes/Sphere.uasset" 677
"../../../Engine/Content/BasicShapes/Sphere.uexp" 678
"E:/GDL_ClassActivites/Content/MyContent/Collectables/BP_Collectable.uasset" 679
"E:/GDL_ClassActivites/Content/MyContent/Collectables/BP_Collectable.uexp" 680
"E:/GDL_ClassActivites/Content/MyContent/Materials/GlobalMaterials/M_MATKEY.uasset" 681
"E:/GDL_ClassActivites/Content/MyContent/Materials/GlobalMaterials/M_MATKEY.uexp" 682
"E:/GDL_ClassActivites/Content/MyContent/Materials/GlobalMaterials/M_WHAWUJHDAWUEG.uasset" 683
"E:/GDL_ClassActivites/Content/MyContent/Materials/GlobalMaterials/M_WHAWUJHDAWUEG.uexp" 684
"E:/GDL_ClassActivites/Content/MyContent/Collectables/BP_COL_KEYDOOR.uasset" 685
"E:/GDL_ClassActivites/Content/MyContent/Collectables/BP_COL_KEYDOOR.uexp" 686
"E:/GDL_ClassActivites/Content/MyContent/Assets/PillarExport_Pillar_Skeleton.uasset" 687
"E:/GDL_ClassActivites/Content/MyContent/Assets/PillarExport_Pillar_Skeleton.uexp" 688
"E:/GDL_ClassActivites/Content/MyContent/Assets/PillarExport.uasset" 689
"E:/GDL_ClassActivites/Content/MyContent/Assets/PillarExport.uexp" 690
"E:/GDL_ClassActivites/Content/MyContent/Materials/Mi_Black.uasset" 691
"E:/GDL_ClassActivites/Content/MyContent/Materials/Mi_Black.uexp" 692
"E:/GDL_ClassActivites/Content/MyContent/Assets/Floor_pCube1.ubulk" 693
"E:/GDL_ClassActivites/Content/MyContent/Assets/Floor_pCube1.uasset" 694
"E:/GDL_ClassActivites/Content/MyContent/Assets/Floor_pCube1.uexp" 695
"E:/GDL_ClassActivites/Content/MyContent/Maps/Lvl_Test.uexp" 696
"E:/GDL_ClassActivites/Content/MyContent/Maps/Lvl_Test.umap" 697
